<?xml version="1.0"?>
<testsuite name="Chrome Headless 144.0.0.0 (Windows 10)" package="" timestamp="2026-02-07T07:15:17" id="0" hostname="pierre" tests="5" errors="0" failures="0" time="0.028">
  <properties>
    <property name="browser.fullName" value="Mozilla/5.0 (Windows NT 10.0; Win64; x64) AppleWebKit/537.36 (KHTML, like Gecko) HeadlessChrome/144.0.0.0 Safari/537.36"/>
  </properties>
  <testcase name="HomeComponent should create" time="0.019" classname="Chrome_Headless_144_0_0_0_(Windows_10).HomeComponent"/>
  <testcase name="AppComponent should have as title 'olympic-games-starter'" time="0.003" classname="Chrome_Headless_144_0_0_0_(Windows_10).AppComponent"/>
  <testcase name="AppComponent should create the app" time="0.001" classname="Chrome_Headless_144_0_0_0_(Windows_10).AppComponent"/>
  <testcase name="OlympicService should be created" time="0.001" classname="Chrome_Headless_144_0_0_0_(Windows_10).OlympicService"/>
  <testcase name="NotFoundComponent should create" time="0.004" classname="Chrome_Headless_144_0_0_0_(Windows_10).NotFoundComponent"/>
  <system-out>
    <![CDATA[
]]>
  </system-out>
  <system-err/>
</testsuite>